This is pdfTeX, Version 3.14159265-2.6-1.40.18 (TeX Live 2017) (preloaded format=pdflatex 2018.1.5)  28 JUN 2018 19:29
entering extended mode
 restricted \write18 enabled.
 %&-line parsing enabled.
**dissertation.tex
(./dissertation.tex
LaTeX2e <2017-04-15>
Babel <3.10> and hyphenation patterns for 84 language(s) loaded.
(/usr/local/texlive/2017/texmf-dist/tex/latex/base/book.cls
Document Class: book 2014/09/29 v1.4h Standard LaTeX document class
(/usr/local/texlive/2017/texmf-dist/tex/latex/base/bk11.clo
File: bk11.clo 2014/09/29 v1.4h Standard LaTeX file (size option)
)
\c@part=\count79
\c@chapter=\count80
\c@section=\count81
\c@subsection=\count82
\c@subsubsection=\count83
\c@paragraph=\count84
\c@subparagraph=\count85
\c@figure=\count86
\c@table=\count87
\abovecaptionskip=\skip41
\belowcaptionskip=\skip42
\bibindent=\dimen102
)
(/usr/local/texlive/2017/texmf-dist/tex/latex/graphics/graphicx.sty
Package: graphicx 2014/10/28 v1.0g Enhanced LaTeX Graphics (DPC,SPQR)

(/usr/local/texlive/2017/texmf-dist/tex/latex/graphics/keyval.sty
Package: keyval 2014/10/28 v1.15 key=value parser (DPC)
\KV@toks@=\toks14
)
(/usr/local/texlive/2017/texmf-dist/tex/latex/graphics/graphics.sty
Package: graphics 2017/04/14 v1.1b Standard LaTeX Graphics (DPC,SPQR)

(/usr/local/texlive/2017/texmf-dist/tex/latex/graphics/trig.sty
Package: trig 2016/01/03 v1.10 sin cos tan (DPC)
)
(/usr/local/texlive/2017/texmf-dist/tex/latex/graphics-cfg/graphics.cfg
File: graphics.cfg 2016/06/04 v1.11 sample graphics configuration
)
Package graphics Info: Driver file: pdftex.def on input line 99.

(/usr/local/texlive/2017/texmf-dist/tex/latex/graphics-def/pdftex.def
File: pdftex.def 2017/01/12 v0.06k Graphics/color for pdfTeX

(/usr/local/texlive/2017/texmf-dist/tex/generic/oberdiek/infwarerr.sty
Package: infwarerr 2016/05/16 v1.4 Providing info/warning/error messages (HO)
)
(/usr/local/texlive/2017/texmf-dist/tex/generic/oberdiek/ltxcmds.sty
Package: ltxcmds 2016/05/16 v1.23 LaTeX kernel commands for general use (HO)
)
\Gread@gobject=\count88
))
\Gin@req@height=\dimen103
\Gin@req@width=\dimen104
)
(/usr/local/texlive/2017/texmf-dist/tex/latex/base/inputenc.sty
Package: inputenc 2015/03/17 v1.2c Input encoding file
\inpenc@prehook=\toks15
\inpenc@posthook=\toks16

(/usr/local/texlive/2017/texmf-dist/tex/latex/ucs/utf8x.def
File: utf8x.def 2004/10/17 UCS: Input encoding UTF-8
))
(/usr/local/texlive/2017/texmf-dist/tex/latex/ucs/ucs.sty
Package: ucs 2013/05/11 v2.2 UCS: Unicode input support

(/usr/local/texlive/2017/texmf-dist/tex/latex/ucs/data/uni-global.def
File: uni-global.def 2013/05/13 UCS: Unicode global data
)
\uc@secondtry=\count89
\uc@combtoks=\toks17
\uc@combtoksb=\toks18
\uc@temptokena=\toks19
)
(/usr/local/texlive/2017/texmf-dist/tex/latex/amsmath/amsmath.sty
Package: amsmath 2016/11/05 v2.16a AMS math features
\@mathmargin=\skip43

For additional information on amsmath, use the `?' option.
(/usr/local/texlive/2017/texmf-dist/tex/latex/amsmath/amstext.sty
Package: amstext 2000/06/29 v2.01 AMS text

(/usr/local/texlive/2017/texmf-dist/tex/latex/amsmath/amsgen.sty
File: amsgen.sty 1999/11/30 v2.0 generic functions
\@emptytoks=\toks20
\ex@=\dimen105
))
(/usr/local/texlive/2017/texmf-dist/tex/latex/amsmath/amsbsy.sty
Package: amsbsy 1999/11/29 v1.2d Bold Symbols
\pmbraise@=\dimen106
)
(/usr/local/texlive/2017/texmf-dist/tex/latex/amsmath/amsopn.sty
Package: amsopn 2016/03/08 v2.02 operator names
)
\inf@bad=\count90
LaTeX Info: Redefining \frac on input line 213.
\uproot@=\count91
\leftroot@=\count92
LaTeX Info: Redefining \overline on input line 375.
\classnum@=\count93
\DOTSCASE@=\count94
LaTeX Info: Redefining \ldots on input line 472.
LaTeX Info: Redefining \dots on input line 475.
LaTeX Info: Redefining \cdots on input line 596.
\Mathstrutbox@=\box26
\strutbox@=\box27
\big@size=\dimen107
LaTeX Font Info:    Redeclaring font encoding OML on input line 712.
LaTeX Font Info:    Redeclaring font encoding OMS on input line 713.
\macc@depth=\count95
\c@MaxMatrixCols=\count96
\dotsspace@=\muskip10
\c@parentequation=\count97
\dspbrk@lvl=\count98
\tag@help=\toks21
\row@=\count99
\column@=\count100
\maxfields@=\count101
\andhelp@=\toks22
\eqnshift@=\dimen108
\alignsep@=\dimen109
\tagshift@=\dimen110
\tagwidth@=\dimen111
\totwidth@=\dimen112
\lineht@=\dimen113
\@envbody=\toks23
\multlinegap=\skip44
\multlinetaggap=\skip45
\mathdisplay@stack=\toks24
LaTeX Info: Redefining \[ on input line 2817.
LaTeX Info: Redefining \] on input line 2818.
)
(/usr/local/texlive/2017/texmf-dist/tex/latex/amsfonts/amssymb.sty
Package: amssymb 2013/01/14 v3.01 AMS font symbols

(/usr/local/texlive/2017/texmf-dist/tex/latex/amsfonts/amsfonts.sty
Package: amsfonts 2013/01/14 v3.01 Basic AMSFonts support
\symAMSa=\mathgroup4
\symAMSb=\mathgroup5
LaTeX Font Info:    Overwriting math alphabet `\mathfrak' in version `bold'
(Font)                  U/euf/m/n --> U/euf/b/n on input line 106.
))
(/usr/local/texlive/2017/texmf-dist/tex/latex/makecell/makecell.sty
Package: makecell 2009/08/03 V0.1e Managing of Tab Column Heads and Cells

(/usr/local/texlive/2017/texmf-dist/tex/latex/tools/array.sty
Package: array 2016/10/06 v2.4d Tabular extension package (FMi)
\col@sep=\dimen114
\extrarowheight=\dimen115
\NC@list=\toks25
\extratabsurround=\skip46
\backup@length=\skip47
)
\rotheadsize=\dimen116
\c@nlinenum=\count102
\TeXr@lab=\toks26
)
(/usr/local/texlive/2017/texmf-dist/tex/latex/algorithm2e/algorithm2e.sty
Package: algorithm2e 2013/01/06 v5.00 algorithms environments
\c@AlgoLine=\count103

(/usr/local/texlive/2017/texmf-dist/tex/latex/base/ifthen.sty
Package: ifthen 2014/09/29 v1.1c Standard LaTeX ifthen package (DPC)
)
\algocf@hangindent=\skip48

(/usr/local/texlive/2017/texmf-dist/tex/latex/tools/xspace.sty
Package: xspace 2014/10/28 v1.13 Space after command names (DPC,MH)
)
(/usr/local/texlive/2017/texmf-dist/tex/latex/relsize/relsize.sty
Package: relsize 2013/03/29 ver 4.1
)
********************************************************
Package `algorithm2e' Release 5.1 -- october 19 2015 --
- algorithm2e-announce@lirmm.fr mailing list for announcement about releases
- algorithm2e-discussion@lirmm.fr mailing list for discussion about package
subscribe by emailing sympa@lirmm.fr with 'subscribe <list> <firstname name>'
- Author: Christophe Fiorio (christophe.fiorio@umontpellier.fr)
********************************************************
\skiptotal=\skip49
\skiplinenumber=\skip50
\skiprule=\skip51
\skiphlne=\skip52
\skiptext=\skip53
\skiplength=\skip54
\algomargin=\skip55
\skipalgocfslide=\skip56
\algowidth=\dimen117
\inoutsize=\dimen118
\inoutindent=\dimen119
\interspacetitleruled=\dimen120
\interspacealgoruled=\dimen121
\interspacetitleboxruled=\dimen122
\algocf@ruledwidth=\skip57
\algocf@inoutbox=\box28
\algocf@inputbox=\box29
\AlCapSkip=\skip58
\AlCapHSkip=\skip59
\algoskipindent=\skip60
\algocf@nlbox=\box30
\algocf@hangingbox=\box31
\algocf@untilbox=\box32
\algocf@skipuntil=\skip61
\algocf@capbox=\box33
\algoheightruledefault=\skip62
\algoheightrule=\skip63
\algotitleheightruledefault=\skip64
\algotitleheightrule=\skip65
\c@algocfline=\count104
\c@algocfproc=\count105
\c@algocf=\count106
\algocf@algoframe=\box34
\algocf@algobox=\box35
) (/usr/local/texlive/2017/texmf-dist/tex/latex/url/url.sty
\Urlmuskip=\muskip11
Package: url 2013/09/16  ver 3.4  Verb mode for urls, etc.
)
(/usr/local/texlive/2017/texmf-dist/tex/latex/realboxes/realboxes.sty
Package: realboxes 2011/08/08 v0.2 Change box commands to read there content as
 real boxes

(/usr/local/texlive/2017/texmf-dist/tex/latex/collectbox/collectbox.sty
Package: collectbox 2012/05/17 v0.4b Collect macro arguments as boxes
\collectedbox=\box36
)
(/usr/local/texlive/2017/texmf-dist/tex/latex/adjustbox/adjcalc.sty
Package: adjcalc 2012/05/16 v1.1 Provides advanced setlength with multiple back
-ends (calc, etex, pgfmath)

(/usr/local/texlive/2017/texmf-dist/tex/latex/xkeyval/xkeyval.sty
Package: xkeyval 2014/12/03 v2.7a package option processing (HA)

(/usr/local/texlive/2017/texmf-dist/tex/generic/xkeyval/xkeyval.tex
(/usr/local/texlive/2017/texmf-dist/tex/generic/xkeyval/xkvutils.tex
\XKV@toks=\toks27
\XKV@tempa@toks=\toks28
)
\XKV@depth=\count107
File: xkeyval.tex 2014/12/03 v2.7a key=value parser (HA)
))))
(/usr/local/texlive/2017/texmf-dist/tex/latex/graphics/rotating.sty
Package: rotating 2016/08/11 v2.16d rotated objects in LaTeX
\c@r@tfl@t=\count108
\rotFPtop=\skip66
\rotFPbot=\skip67
\rot@float@box=\box37
\rot@mess@toks=\toks29
)
(/usr/local/texlive/2017/texmf-dist/tex/latex/subfigure/subfigure.sty
Package: subfigure 2002/03/15 v2.1.5 subfigure package
\subfigtopskip=\skip68
\subfigcapskip=\skip69
\subfigcaptopadj=\dimen123
\subfigbottomskip=\skip70
\subfigcapmargin=\dimen124
\subfiglabelskip=\skip71
\c@subfigure=\count109
\c@lofdepth=\count110
\c@subtable=\count111
\c@lotdepth=\count112

****************************************
* Local config file subfigure.cfg used *
****************************************
(/usr/local/texlive/2017/texmf-dist/tex/latex/subfigure/subfigure.cfg)
\subfig@top=\skip72
\subfig@bottom=\skip73
)
(/usr/local/texlive/2017/texmf-dist/tex/latex/xcolor/xcolor.sty
Package: xcolor 2016/05/11 v2.12 LaTeX color extensions (UK)

(/usr/local/texlive/2017/texmf-dist/tex/latex/graphics-cfg/color.cfg
File: color.cfg 2016/01/02 v1.6 sample color configuration
)
Package xcolor Info: Driver file: pdftex.def on input line 225.

(/usr/local/texlive/2017/texmf-dist/tex/latex/colortbl/colortbl.sty
Package: colortbl 2012/02/13 v1.0a Color table columns (DPC)
\everycr=\toks30
\minrowclearance=\skip74
)
\rownum=\count113
Package xcolor Info: Model `cmy' substituted by `cmy0' on input line 1348.
Package xcolor Info: Model `hsb' substituted by `rgb' on input line 1352.
Package xcolor Info: Model `RGB' extended on input line 1364.
Package xcolor Info: Model `HTML' substituted by `rgb' on input line 1366.
Package xcolor Info: Model `Hsb' substituted by `hsb' on input line 1367.
Package xcolor Info: Model `tHsb' substituted by `hsb' on input line 1368.
Package xcolor Info: Model `HSB' substituted by `hsb' on input line 1369.
Package xcolor Info: Model `Gray' substituted by `gray' on input line 1370.
Package xcolor Info: Model `wave' substituted by `hsb' on input line 1371.
)
(/usr/local/texlive/2017/texmf-dist/tex/latex/pdfpages/pdfpages.sty
Package: pdfpages 2017/01/14 v0.5h Insert pages of external PDF documents (AM)

(/usr/local/texlive/2017/texmf-dist/tex/latex/tools/calc.sty
Package: calc 2014/10/28 v4.3 Infix arithmetic (KKT,FJ)
\calc@Acount=\count114
\calc@Bcount=\count115
\calc@Adimen=\dimen125
\calc@Bdimen=\dimen126
\calc@Askip=\skip75
\calc@Bskip=\skip76
LaTeX Info: Redefining \setlength on input line 80.
LaTeX Info: Redefining \addtolength on input line 81.
\calc@Ccount=\count116
\calc@Cskip=\skip77
)
(/usr/local/texlive/2017/texmf-dist/tex/latex/eso-pic/eso-pic.sty
Package: eso-pic 2015/07/21 v2.0g eso-pic (RN)

(/usr/local/texlive/2017/texmf-dist/tex/generic/oberdiek/atbegshi.sty
Package: atbegshi 2016/06/09 v1.18 At begin shipout hook (HO)

(/usr/local/texlive/2017/texmf-dist/tex/generic/oberdiek/ifpdf.sty
Package: ifpdf 2017/03/15 v3.2 Provides the ifpdf switch
)))
\AM@pagewidth=\dimen127
\AM@pageheight=\dimen128

(/usr/local/texlive/2017/texmf-dist/tex/latex/pdfpages/pppdftex.def
File: pppdftex.def 2017/01/14 v0.5h Pdfpages driver for pdfTeX (AM)
)
\AM@pagebox=\box38
\AM@global@opts=\toks31
\AM@toc@title=\toks32
\c@AM@survey=\count117
\AM@templatesizebox=\box39
)

LaTeX Warning: Unused global option(s):
    [a4rpaper].

(./dissertation.aux

LaTeX Warning: Label `fig:StyblinskiDifference' multiply defined.


LaTeX Warning: Label `sub@fig:StyblinskiDifference' multiply defined.


LaTeX Warning: Label `fig:StyblinskiValueFunction' multiply defined.


LaTeX Warning: Label `sub@fig:StyblinskiValueFunction' multiply defined.


LaTeX Warning: Label `fig:StyblinskiGap' multiply defined.


LaTeX Warning: Label `sub@fig:StyblinskiGap' multiply defined.

)
\openout1 = `dissertation.aux'.

LaTeX Font Info:    Checking defaults for OML/cmm/m/it on input line 28.
LaTeX Font Info:    ... okay on input line 28.
LaTeX Font Info:    Checking defaults for T1/cmr/m/n on input line 28.
LaTeX Font Info:    ... okay on input line 28.
LaTeX Font Info:    Checking defaults for OT1/cmr/m/n on input line 28.
LaTeX Font Info:    ... okay on input line 28.
LaTeX Font Info:    Checking defaults for OMS/cmsy/m/n on input line 28.
LaTeX Font Info:    ... okay on input line 28.
LaTeX Font Info:    Checking defaults for OMX/cmex/m/n on input line 28.
LaTeX Font Info:    ... okay on input line 28.
LaTeX Font Info:    Checking defaults for U/cmr/m/n on input line 28.
LaTeX Font Info:    ... okay on input line 28.
 (/usr/local/texlive/2017/texmf-dist/tex/context/base/mkii/supp-pdf.mkii
[Loading MPS to PDF converter (version 2006.09.02).]
\scratchcounter=\count118
\scratchdimen=\dimen129
\scratchbox=\box40
\nofMPsegments=\count119
\nofMParguments=\count120
\everyMPshowfont=\toks33
\MPscratchCnt=\count121
\MPscratchDim=\dimen130
\MPnumerator=\count122
\makeMPintoPDFobject=\count123
\everyMPtoPDFconversion=\toks34
) (/usr/local/texlive/2017/texmf-dist/tex/generic/oberdiek/pdftexcmds.sty
Package: pdftexcmds 2017/03/19 v0.25 Utility functions of pdfTeX for LuaTeX (HO
)

(/usr/local/texlive/2017/texmf-dist/tex/generic/oberdiek/ifluatex.sty
Package: ifluatex 2016/05/16 v1.4 Provides the ifluatex switch (HO)
Package ifluatex Info: LuaTeX not detected.
)
Package pdftexcmds Info: LuaTeX not detected.
Package pdftexcmds Info: \pdf@primitive is available.
Package pdftexcmds Info: \pdf@ifprimitive is available.
Package pdftexcmds Info: \pdfdraftmode found.
)
(/usr/local/texlive/2017/texmf-dist/tex/latex/oberdiek/epstopdf-base.sty
Package: epstopdf-base 2016/05/15 v2.6 Base part for package epstopdf

(/usr/local/texlive/2017/texmf-dist/tex/latex/oberdiek/grfext.sty
Package: grfext 2016/05/16 v1.2 Manage graphics extensions (HO)

(/usr/local/texlive/2017/texmf-dist/tex/generic/oberdiek/kvdefinekeys.sty
Package: kvdefinekeys 2016/05/16 v1.4 Define keys (HO)
))
(/usr/local/texlive/2017/texmf-dist/tex/latex/oberdiek/kvoptions.sty
Package: kvoptions 2016/05/16 v3.12 Key value format for package options (HO)

(/usr/local/texlive/2017/texmf-dist/tex/generic/oberdiek/kvsetkeys.sty
Package: kvsetkeys 2016/05/16 v1.17 Key value parser (HO)

(/usr/local/texlive/2017/texmf-dist/tex/generic/oberdiek/etexcmds.sty
Package: etexcmds 2016/05/16 v1.6 Avoid name clashes with e-TeX commands (HO)
Package etexcmds Info: Could not find \expanded.
(etexcmds)             That can mean that you are not using pdfTeX 1.50 or
(etexcmds)             that some package has redefined \expanded.
(etexcmds)             In the latter case, load this package earlier.
)))
Package epstopdf-base Info: Redefining graphics rule for `.eps' on input line 4
38.
Package grfext Info: Graphics extension search list:
(grfext)             [.png,.pdf,.jpg,.mps,.jpeg,.jbig2,.jb2,.PNG,.PDF,.JPG,.JPE
G,.JBIG2,.JB2,.eps]
(grfext)             \AppendGraphicsExtensions on input line 456.

(/usr/local/texlive/2017/texmf-dist/tex/latex/latexconfig/epstopdf-sys.cfg
File: epstopdf-sys.cfg 2010/07/13 v1.3 Configuration of (r)epstopdf for TeX Liv
e
))
(/usr/local/texlive/2017/texmf-dist/tex/latex/ucs/ucsencs.def
File: ucsencs.def 2011/01/21 Fixes to fontencodings LGR, T3
)
\AtBeginShipoutBox=\box41

(/usr/local/texlive/2017/texmf-dist/tex/latex/oberdiek/pdflscape.sty
Package: pdflscape 2016/05/14 v0.11 Display of landscape pages in PDF (HO)

(/usr/local/texlive/2017/texmf-dist/tex/latex/graphics/lscape.sty
Package: lscape 2000/10/22 v3.01 Landscape Pages (DPC)
)
Package pdflscape Info: Auto-detected driver: pdftex on input line 81.

(/usr/local/texlive/2017/texmf-dist/tex/generic/ifxetex/ifxetex.sty
Package: ifxetex 2010/09/12 v0.6 Provides ifxetex conditional
))

pdfTeX warning: /Library/TeX/texbin/pdflatex (file ./FRONTESPIZIO/Frontespizio.
pdf): PDF inclusion: found PDF version <1.7>, but at most version <1.5> allowed

<FRONTESPIZIO/Frontespizio.pdf, id=1, 614.295pt x 794.97pt>
File: FRONTESPIZIO/Frontespizio.pdf Graphic file (type pdf)

<use FRONTESPIZIO/Frontespizio.pdf>
Package pdftex.def Info: FRONTESPIZIO/Frontespizio.pdf used on input line 30.
(pdftex.def)             Requested size: 614.29349pt x 794.96806pt.


pdfTeX warning: /Library/TeX/texbin/pdflatex (file ./FRONTESPIZIO/Frontespizio.
pdf): PDF inclusion: found PDF version <1.7>, but at most version <1.5> allowed

File: FRONTESPIZIO/Frontespizio.pdf Graphic file (type pdf)
<use FRONTESPIZIO/Frontespizio.pdf>
Package pdftex.def Info: FRONTESPIZIO/Frontespizio.pdf used on input line 30.
(pdftex.def)             Requested size: 614.29349pt x 794.96806pt.


pdfTeX warning: /Library/TeX/texbin/pdflatex (file ./FRONTESPIZIO/Frontespizio.
pdf): PDF inclusion: found PDF version <1.7>, but at most version <1.5> allowed



pdfTeX warning: /Library/TeX/texbin/pdflatex (file ./FRONTESPIZIO/Frontespizio.
pdf): PDF inclusion: found PDF version <1.7>, but at most version <1.5> allowed

<FRONTESPIZIO/Frontespizio.pdf, id=4, page=1, 614.295pt x 794.97pt>
File: FRONTESPIZIO/Frontespizio.pdf Graphic file (type pdf)

<use FRONTESPIZIO/Frontespizio.pdf, page 1>
Package pdftex.def Info: FRONTESPIZIO/Frontespizio.pdf, page1 used on input lin
e 30.
(pdftex.def)             Requested size: 614.29349pt x 794.96806pt.
File: FRONTESPIZIO/Frontespizio.pdf Graphic file (type pdf)

<use FRONTESPIZIO/Frontespizio.pdf, page 1>
Package pdftex.def Info: FRONTESPIZIO/Frontespizio.pdf, page1 used on input lin
e 30.
(pdftex.def)             Requested size: 614.58406pt x 795.3441pt.
File: FRONTESPIZIO/Frontespizio.pdf Graphic file (type pdf)

<use FRONTESPIZIO/Frontespizio.pdf, page 1>
Package pdftex.def Info: FRONTESPIZIO/Frontespizio.pdf, page1 used on input lin
e 30.
(pdftex.def)             Requested size: 614.58406pt x 795.3441pt.
File: FRONTESPIZIO/Frontespizio.pdf Graphic file (type pdf)

<use FRONTESPIZIO/Frontespizio.pdf, page 1>
Package pdftex.def Info: FRONTESPIZIO/Frontespizio.pdf, page1 used on input lin
e 30.
(pdftex.def)             Requested size: 614.58406pt x 795.3441pt.
File: FRONTESPIZIO/Frontespizio.pdf Graphic file (type pdf)

<use FRONTESPIZIO/Frontespizio.pdf, page 1>
Package pdftex.def Info: FRONTESPIZIO/Frontespizio.pdf, page1 used on input lin
e 30.
(pdftex.def)             Requested size: 614.58406pt x 795.3441pt.
 [1

 <./FRONTESPIZIO/Frontespizio.pdf>] (./DEDICA/dedica.tex) [2{/usr/local/texlive
/2017/texmf-var/fonts/map/pdftex/updmap/pdftex.map}] (./dissertation.toc
LaTeX Font Info:    Try loading font information for U+msa on input line 3.

(/usr/local/texlive/2017/texmf-dist/tex/latex/amsfonts/umsa.fd
File: umsa.fd 2013/01/14 v3.01 AMS symbols A
)
LaTeX Font Info:    Try loading font information for U+msb on input line 3.

(/usr/local/texlive/2017/texmf-dist/tex/latex/amsfonts/umsb.fd
File: umsb.fd 2013/01/14 v3.01 AMS symbols B
) [3

])
\tf@toc=\write3
\openout3 = `dissertation.toc'.


(./CHAPTERS/introduction.tex [4]
Chapter 1.

Underfull \hbox (badness 10000) in paragraph at lines 3--4

 []

(/usr/local/texlive/2017/texmf-dist/tex/latex/ucs/data/uni-32.def
File: uni-32.def 2013/05/13 UCS: Unicode data U+2000..U+20FF
)
Underfull \hbox (badness 10000) in paragraph at lines 5--6

 []


Underfull \hbox (badness 10000) in paragraph at lines 7--8

 []


Underfull \hbox (badness 10000) in paragraph at lines 15--16

 []

[5

]
Underfull \hbox (badness 10000) in paragraph at lines 17--18

 []


Underfull \hbox (badness 10000) in paragraph at lines 19--20

 []

) (./CHAPTERS/mdp.tex [6]
Chapter 2.
LaTeX Font Info:    Try loading font information for OMS+cmr on input line 10.
(/usr/local/texlive/2017/texmf-dist/tex/latex/base/omscmr.fd
File: omscmr.fd 2014/09/29 v2.5h Standard LaTeX font definitions
)
LaTeX Font Info:    Font shape `OMS/cmr/m/n' in size <10.95> not available
(Font)              Font shape `OMS/cmsy/m/n' tried instead on input line 10.

Overfull \hbox (14.75543pt too wide) in paragraph at lines 17--18
 \OT1/cmr/bx/n/10.95 States[] \OT1/cmr/m/n/10.95 The set of en-vi-ron-men-tal s
tates $\OML/cmm/m/it/10.95 S$ \OT1/cmr/m/n/10.95 is de-fined as the fi-nite set
 $\OMS/cmsy/m/n/10.95 f\OML/cmm/m/it/10.95 s[]; :::; s[]\OMS/cmsy/m/n/10.95 g$
 []

[7

] (/usr/local/texlive/2017/texmf-dist/tex/latex/ucs/data/uni-0.def
File: uni-0.def 2013/05/13 UCS: Unicode data U+0000..U+00FF
)
(/usr/local/texlive/2017/texmf-dist/tex/latex/ucs/data/uni-33.def
File: uni-33.def 2013/05/13 UCS: Unicode data U+2100..U+21FF
) [8]
<IMAGES/MDP.png, id=72, 280.04625pt x 222.8325pt>
File: IMAGES/MDP.png Graphic file (type png)
 <use IMAGES/MDP.png>
Package pdftex.def Info: IMAGES/MDP.png used on input line 33.
(pdftex.def)             Requested size: 227.63101pt x 199.17033pt.

Overfull \hbox (15.65498pt too wide) in paragraph at lines 40--41
\OT1/cmr/m/n/10.95 putable func-tion that out-puts, for each state $\OML/cmm/m/
it/10.95 s \OMS/cmsy/m/n/10.95 2 \OML/cmm/m/it/10.95 S$\OT1/cmr/m/n/10.95 , an 
ac-tion $\OML/cmm/m/it/10.95 a \OMS/cmsy/m/n/10.95 2 \OML/cmm/m/it/10.95 A\OT1/
cmr/m/n/10.95 (\OML/cmm/m/it/10.95 s\OT1/cmr/m/n/10.95 )$ [[]].
 []


LaTeX Warning: `!h' float specifier changed to `!ht'.

[9 <./IMAGES/MDP.png>]
<IMAGES/Policies_schema.png, id=79, 396.48125pt x 270.00874pt>
File: IMAGES/Policies_schema.png Graphic file (type png)

<use IMAGES/Policies_schema.png>
Package pdftex.def Info: IMAGES/Policies_schema.png used on input line 62.
(pdftex.def)             Requested size: 199.1718pt x 184.94662pt.

<IMAGES/RLSchema.png, id=80, 310.15875pt x 248.93pt>
File: IMAGES/RLSchema.png Graphic file (type png)
 <use IMAGES/RLSchema.png>
Package pdftex.def Info: IMAGES/RLSchema.png used on input line 71.
(pdftex.def)             Requested size: 341.43123pt x 284.5504pt.


LaTeX Warning: `!h' float specifier changed to `!ht'.

[10 <./IMAGES/Policies_schema.png>] [11 <./IMAGES/RLSchema.png>] [12]
Underfull \hbox (badness 10000) in paragraph at lines 127--128

 []

<IMAGES/ValueIterationPolicy.png, id=93, 377.41pt x 402.50375pt>
File: IMAGES/ValueIterationPolicy.png Graphic file (type png)

<use IMAGES/ValueIterationPolicy.png>
Package pdftex.def Info: IMAGES/ValueIterationPolicy.png used on input line 137
.
(pdftex.def)             Requested size: 142.25977pt x 142.2603pt.

Underfull \hbox (badness 10000) in paragraph at lines 142--143

 []

[13 <./IMAGES/ValueIterationPolicy.png>]
<IMAGES/Policyiteration.png, id=99, 481.8pt x 487.8225pt>
File: IMAGES/Policyiteration.png Graphic file (type png)

<use IMAGES/Policyiteration.png>
Package pdftex.def Info: IMAGES/Policyiteration.png used on input line 161.
(pdftex.def)             Requested size: 142.26208pt x 142.26135pt.

Underfull \hbox (badness 10000) in paragraph at lines 166--167

 []


Underfull \hbox (badness 10000) in paragraph at lines 168--169

 []

[14 <./IMAGES/Policyiteration.png>]
Underfull \hbox (badness 10000) in paragraph at lines 206--207

 []

[15]
Underfull \hbox (badness 10000) in paragraph at lines 213--214

 []


Underfull \hbox (badness 10000) in paragraph at lines 218--219

 []


Underfull \hbox (badness 10000) in paragraph at lines 220--221

 []

[16]
Underfull \hbox (badness 10000) in paragraph at lines 239--240

 []

[17] [18]
Underfull \hbox (badness 10000) in paragraph at lines 296--297

 []

[19] [20]
Overfull \hbox (24.54924pt too wide) in paragraph at lines 355--356
[]\OT1/cmr/m/n/10.95 the in-for-ma-tion nec-es-sary to per-form such an up-date
 is $(\OML/cmm/m/it/10.95 s[]; a[]; r[]; s[]; a[]\OT1/cmr/m/n/10.95 )$,
 []

[21] [22] <IMAGES/NonLambda.png, id=131, 433.62pt x 211.79124pt>
File: IMAGES/NonLambda.png Graphic file (type png)

<use IMAGES/NonLambda.png>
Package pdftex.def Info: IMAGES/NonLambda.png used on input line 405.
(pdftex.def)             Requested size: 284.54257pt x 142.2678pt.
 [23]
Underfull \hbox (badness 10000) in paragraph at lines 410--411

 []

[24 <./IMAGES/NonLambda.png>] [25]
<IMAGES/SarsaLambdaTD.png, id=145, 938.50626pt x 279.0425pt>
File: IMAGES/SarsaLambdaTD.png Graphic file (type png)

<use IMAGES/SarsaLambdaTD.png>
Package pdftex.def Info: IMAGES/SarsaLambdaTD.png used on input line 456.
(pdftex.def)             Requested size: 341.42778pt x 142.2672pt.
) (./CHAPTERS/RLapproach.tex [26 <./IMAGES/SarsaLambdaTD.png>]
Chapter 3.

Underfull \hbox (badness 10000) in paragraph at lines 3--4

 []


Underfull \hbox (badness 10000) in paragraph at lines 5--6

 []


Underfull \hbox (badness 10000) in paragraph at lines 9--10

 []

[27

] <IMAGES/Multivariate_Gaussian.png, id=153, 1284.8pt x 803.0pt>
File: IMAGES/Multivariate_Gaussian.png Graphic file (type png)

<use IMAGES/Multivariate_Gaussian.png>
Package pdftex.def Info: IMAGES/Multivariate_Gaussian.png used on input line 31
.
(pdftex.def)             Requested size: 359.99641pt x 227.61984pt.
 [28 <./IMAGES/Multivariate_Gaussian.png>] <IMAGES/BOProcess.png, id=158, 718.6
85pt x 713.66624pt>
File: IMAGES/BOProcess.png Graphic file (type png)

<use IMAGES/BOProcess.png>
Package pdftex.def Info: IMAGES/BOProcess.png used on input line 53.
(pdftex.def)             Requested size: 284.52995pt x 284.52492pt.
 [29 <./IMAGES/BOProcess.png>]
Underfull \hbox (badness 10000) in paragraph at lines 77--78

 []

[30]
Underfull \hbox (badness 10000) in paragraph at lines 123--124

 []

<IMAGES/Triangolo.png, id=166, 600.2425pt x 485.815pt>
File: IMAGES/Triangolo.png Graphic file (type png)

<use IMAGES/Triangolo.png>
Package pdftex.def Info: IMAGES/Triangolo.png used on input line 156.
(pdftex.def)             Requested size: 199.17055pt x 199.1632pt.
 [31] [32 <./IMAGES/Triangolo.png>]
<IMAGES/TRIANGOLO2.png, id=175, 396.48125pt x 446.66875pt>
File: IMAGES/TRIANGOLO2.png Graphic file (type png)

<use IMAGES/TRIANGOLO2.png>
Package pdftex.def Info: IMAGES/TRIANGOLO2.png used on input line 217.
(pdftex.def)             Requested size: 199.1718pt x 199.17249pt.


LaTeX Warning: `!h' float specifier changed to `!ht'.

[33] [34 <./IMAGES/TRIANGOLO2.png>]
Underfull \hbox (badness 10000) in paragraph at lines 248--249

 []


Underfull \hbox (badness 10000) in paragraph at lines 254--255

 []

[35]
Underfull \hbox (badness 10000) in paragraph at lines 256--257

 []

<IMAGES/UMLBurlap.png, id=186, 1213.53375pt x 521.95pt>
File: IMAGES/UMLBurlap.png Graphic file (type png)

<use IMAGES/UMLBurlap.png>
Package pdftex.def Info: IMAGES/UMLBurlap.png used on input line 261.
(pdftex.def)             Requested size: 360.0077pt x 256.07631pt.
 [36 <./IMAGES/UMLBurlap.png>]
Underfull \hbox (badness 10000) in paragraph at lines 275--276

 []


Underfull \hbox (badness 10000) in paragraph at lines 277--278

 []

<IMAGES/RLDiagram.png, id=191, 1193.45876pt x 554.07pt>
File: IMAGES/RLDiagram.png Graphic file (type png)

<use IMAGES/RLDiagram.png>
Package pdftex.def Info: IMAGES/RLDiagram.png used on input line 282.
(pdftex.def)             Requested size: 369.87733pt x 256.07582pt.

Overfull \hbox (9.87733pt too wide) in paragraph at lines 282--283
[][] 
 []


LaTeX Warning: `!h' float specifier changed to `!ht'.


Underfull \hbox (badness 10000) in paragraph at lines 287--288

 []

[37]
Underfull \vbox (badness 10000) has occurred while \output is active []

 [38 <./IMAGES/RLDiagram.png>]
Underfull \hbox (badness 10000) in paragraph at lines 289--290

 []

) (./CHAPTERS/ExperimentalSetting.tex [39] [40

]
Chapter 4.

Underfull \hbox (badness 10000) in paragraph at lines 3--4

 []

[41] <IMAGES/modifiedHimmelblau.png, id=210, 1358.07375pt x 1003.75pt>
File: IMAGES/modifiedHimmelblau.png Graphic file (type png)

<use IMAGES/modifiedHimmelblau.png>
Package pdftex.def Info: IMAGES/modifiedHimmelblau.png used on input line 41.
(pdftex.def)             Requested size: 227.61604pt x 227.61066pt.
 [42 <./IMAGES/modifiedHimmelblau.png>]
Underfull \hbox (badness 10000) in paragraph at lines 60--61

 []

<IMAGES/himmelblau.png, id=215, 301.125pt x 301.125pt>
File: IMAGES/himmelblau.png Graphic file (type png)

<use IMAGES/himmelblau.png>
Package pdftex.def Info: IMAGES/himmelblau.png used on input line 64.
(pdftex.def)             Requested size: 113.81297pt x 113.81297pt.

Underfull \hbox (badness 10000) in paragraph at lines 69--70

 []

<IMAGES/customizedParaboloid.png, id=216, 1358.07375pt x 1003.75pt>
File: IMAGES/customizedParaboloid.png Graphic file (type png)

<use IMAGES/customizedParaboloid.png>
Package pdftex.def Info: IMAGES/customizedParaboloid.png used on input line 83.

(pdftex.def)             Requested size: 227.61604pt x 227.61066pt.


LaTeX Warning: `!h' float specifier changed to `!ht'.

[43 <./IMAGES/himmelblau.png>]
<IMAGES/parabolic.png, id=222, 301.125pt x 301.125pt>
File: IMAGES/parabolic.png Graphic file (type png)

<use IMAGES/parabolic.png>
Package pdftex.def Info: IMAGES/parabolic.png used on input line 106.
(pdftex.def)             Requested size: 113.81297pt x 113.81297pt.
 [44 <./IMAGES/customizedParaboloid.png> <./IMAGES/parabolic.png>]
Underfull \hbox (badness 10000) in paragraph at lines 117--118

 []

<IMAGES/customizedBeale.png, id=228, 1358.07375pt x 1003.75pt>
File: IMAGES/customizedBeale.png Graphic file (type png)

<use IMAGES/customizedBeale.png>
Package pdftex.def Info: IMAGES/customizedBeale.png used on input line 129.
(pdftex.def)             Requested size: 227.61604pt x 227.61066pt.
 [45 <./IMAGES/customizedBeale.png>]
<IMAGES/beale.png, id=233, 301.125pt x 301.125pt>
File: IMAGES/beale.png Graphic file (type png)
 <use IMAGES/beale.png>
Package pdftex.def Info: IMAGES/beale.png used on input line 146.
(pdftex.def)             Requested size: 113.81297pt x 113.81297pt.

<IMAGES/customizedStyblinski.png, id=234, 1358.07375pt x 1003.75pt>
File: IMAGES/customizedStyblinski.png Graphic file (type png)

<use IMAGES/customizedStyblinski.png>
Package pdftex.def Info: IMAGES/customizedStyblinski.png used on input line 159
.
(pdftex.def)             Requested size: 227.61604pt x 227.61066pt.


LaTeX Warning: `!h' float specifier changed to `!ht'.


Underfull \hbox (badness 10000) in paragraph at lines 170--171

 []

[46 <./IMAGES/beale.png>]
<IMAGES/styblinski.png, id=239, 301.125pt x 301.125pt>
File: IMAGES/styblinski.png Graphic file (type png)

<use IMAGES/styblinski.png>
Package pdftex.def Info: IMAGES/styblinski.png used on input line 188.
(pdftex.def)             Requested size: 113.81297pt x 113.81297pt.
File: IMAGES/modifiedHimmelblau.png Graphic file (type png)
 <use IMAGES/modifiedHimmelblau.png>
Package pdftex.def Info: IMAGES/modifiedHimmelblau.png used on input line 199.
(pdftex.def)             Requested size: 122.85876pt x 90.79308pt.

Overfull \hbox (111.90874pt too wide) in paragraph at lines 199--199
[][] 
 []

File: IMAGES/customizedParaboloid.png Graphic file (type png)
<use IMAGES/customizedParaboloid.png>
Package pdftex.def Info: IMAGES/customizedParaboloid.png used on input line 201
.
(pdftex.def)             Requested size: 122.85876pt x 90.79308pt.

Overfull \hbox (111.90874pt too wide) in paragraph at lines 201--201
[][] 
 []

File: IMAGES/customizedBeale.png Graphic file (type png)
<use IMAGES/customizedBeale.png>
Package pdftex.def Info: IMAGES/customizedBeale.png used on input line 203.
(pdftex.def)             Requested size: 122.85876pt x 90.79308pt.

Overfull \hbox (111.90874pt too wide) in paragraph at lines 203--203
[][] 
 []

File: IMAGES/customizedStyblinski.png Graphic file (type png)
<use IMAGES/customizedStyblinski.png>
Package pdftex.def Info: IMAGES/customizedStyblinski.png used on input line 205
.
(pdftex.def)             Requested size: 122.85876pt x 90.79308pt.

Overfull \hbox (111.90874pt too wide) in paragraph at lines 205--205
[][] 
 []


Underfull \vbox (badness 10000) has occurred while \output is active []

 [47 <./IMAGES/customizedStyblinski.png> <./IMAGES/styblinski.png>] [48]
Underfull \hbox (badness 10000) in paragraph at lines 246--247

 []


Underfull \hbox (badness 10000) in paragraph at lines 248--249

 []


Underfull \hbox (badness 10000) in paragraph at lines 250--251

 []


Underfull \hbox (badness 10000) in paragraph at lines 252--253

 []


Underfull \hbox (badness 10000) in paragraph at lines 254--255

 []

[49]
Underfull \hbox (badness 10000) in paragraph at lines 268--269

 []


Underfull \hbox (badness 10000) in paragraph at lines 270--271

 []


Underfull \hbox (badness 10000) in paragraph at lines 272--273

 []


Underfull \hbox (badness 10000) in paragraph at lines 274--275

 []

<IMAGES/Sex.png, id=252, 910.40125pt x 711.65875pt>
File: IMAGES/Sex.png Graphic file (type png)
 <use IMAGES/Sex.png>
Package pdftex.def Info: IMAGES/Sex.png used on input line 281.
(pdftex.def)             Requested size: 143.9978pt x 112.55377pt.

<IMAGES/MathEdLevel.png, id=253, 916.42375pt x 706.64pt>
File: IMAGES/MathEdLevel.png Graphic file (type png)

<use IMAGES/MathEdLevel.png>
Package pdftex.def Info: IMAGES/MathEdLevel.png used on input line 285.
(pdftex.def)             Requested size: 143.9978pt x 111.02682pt.
 <IMAGES/Age.png, id=254, 758.835pt x 676.5275pt>
File: IMAGES/Age.png Graphic file (type png)

<use IMAGES/Age.png>
Package pdftex.def Info: IMAGES/Age.png used on input line 289.
(pdftex.def)             Requested size: 180.0pt x 160.47049pt.


LaTeX Warning: `!h' float specifier changed to `!ht'.

[50] [51 <./IMAGES/Sex.png> <./IMAGES/MathEdLevel.png> <./IMAGES/Age.png>]
<IMAGES/scala.png, id=264, 56.46094pt x 186.6975pt>
File: IMAGES/scala.png Graphic file (type png)
 <use IMAGES/scala.png>
Package pdftex.def Info: IMAGES/scala.png used on input line 313.
(pdftex.def)             Requested size: 25.81381pt x 85.35826pt.

<IMAGES/Form.png, id=265, 795.97375pt x 627.34375pt>
File: IMAGES/Form.png Graphic file (type png)
 <use IMAGES/Form.png>
Package pdftex.def Info: IMAGES/Form.png used on input line 322.
(pdftex.def)             Requested size: 359.99457pt x 227.62405pt.
)
(./CHAPTERS/Results.tex [52 <./IMAGES/scala.png> <./IMAGES/Form.png>]
Chapter 5.

Underfull \hbox (badness 10000) in paragraph at lines 12--13

 []


Underfull \hbox (badness 10000) in paragraph at lines 22--22

 []


Underfull \hbox (badness 10000) in paragraph at lines 14--35

 []

[53

]
Underfull \hbox (badness 10000) in paragraph at lines 36--37

 []

<IMAGES/HimmelblauDifference.png, id=276, 462.528pt x 346.896pt>
File: IMAGES/HimmelblauDifference.png Graphic file (type png)

<use IMAGES/HimmelblauDifference.png>
Package pdftex.def Info: IMAGES/HimmelblauDifference.png used on input line 47.

(pdftex.def)             Requested size: 143.9978pt x 107.99715pt.

<IMAGES/HimmelblauValueFunction.png, id=277, 462.528pt x 346.896pt>
File: IMAGES/HimmelblauValueFunction.png Graphic file (type png)

<use IMAGES/HimmelblauValueFunction.png>
Package pdftex.def Info: IMAGES/HimmelblauValueFunction.png used on input line 
51.
(pdftex.def)             Requested size: 143.9978pt x 107.99715pt.

<IMAGES/HimmelblauGap.png, id=278, 2409.0pt x 2409.0pt>
File: IMAGES/HimmelblauGap.png Graphic file (type png)

<use IMAGES/HimmelblauGap.png>
Package pdftex.def Info: IMAGES/HimmelblauGap.png used on input line 55.
(pdftex.def)             Requested size: 143.9978pt x 143.98239pt.


LaTeX Warning: `!h' float specifier changed to `!ht'.

[54] [55 <./IMAGES/HimmelblauDifference.png> <./IMAGES/HimmelblauValueFunction.
png> <./IMAGES/HimmelblauGap.png>]
Underfull \hbox (badness 10000) in paragraph at lines 73--74

 []

[56]
Underfull \hbox (badness 10000) in paragraph at lines 106--107

 []

<IMAGES/ParabolicEuclidean.png, id=292, 462.528pt x 346.896pt>
File: IMAGES/ParabolicEuclidean.png Graphic file (type png)

<use IMAGES/ParabolicEuclidean.png>
Package pdftex.def Info: IMAGES/ParabolicEuclidean.png used on input line 136.
(pdftex.def)             Requested size: 143.9978pt x 107.99715pt.

<IMAGES/SphereValueFunction.png, id=293, 462.528pt x 346.896pt>
File: IMAGES/SphereValueFunction.png Graphic file (type png)

<use IMAGES/SphereValueFunction.png>
Package pdftex.def Info: IMAGES/SphereValueFunction.png used on input line 140.

(pdftex.def)             Requested size: 143.9978pt x 107.99715pt.

<IMAGES/ParabolicGap.png, id=294, 2409.0pt x 2409.0pt>
File: IMAGES/ParabolicGap.png Graphic file (type png)

<use IMAGES/ParabolicGap.png>
Package pdftex.def Info: IMAGES/ParabolicGap.png used on input line 144.
(pdftex.def)             Requested size: 143.9978pt x 143.98239pt.


LaTeX Warning: `!h' float specifier changed to `!ht'.


Underfull \hbox (badness 10000) in paragraph at lines 154--155

 []

[57] [58 <./IMAGES/ParabolicEuclidean.png> <./IMAGES/SphereValueFunction.png> <
./IMAGES/ParabolicGap.png>]
Underfull \hbox (badness 10000) in paragraph at lines 162--163

 []


Overfull \hbox (1.95462pt too wide) in paragraph at lines 187--188
[]\OT1/cmr/m/n/10.95 The \OT1/cmtt/m/n/10.95 linear, not random \OT1/cmr/m/n/10
.95 dec-li-na-tion starts from a value func-tion's prox-
 []

[59] <IMAGES/BealeDifference.png, id=306, 462.528pt x 346.896pt>
File: IMAGES/BealeDifference.png Graphic file (type png)

<use IMAGES/BealeDifference.png>
Package pdftex.def Info: IMAGES/BealeDifference.png used on input line 225.
(pdftex.def)             Requested size: 143.9978pt x 107.99715pt.

<IMAGES/BealeValueFunction.png, id=307, 462.528pt x 346.896pt>
File: IMAGES/BealeValueFunction.png Graphic file (type png)

<use IMAGES/BealeValueFunction.png>
Package pdftex.def Info: IMAGES/BealeValueFunction.png used on input line 229.
(pdftex.def)             Requested size: 143.9978pt x 107.99715pt.

<IMAGES/BealeGap.png, id=308, 2409.0pt x 2409.0pt>
File: IMAGES/BealeGap.png Graphic file (type png)
 <use IMAGES/BealeGap.png>
Package pdftex.def Info: IMAGES/BealeGap.png used on input line 233.
(pdftex.def)             Requested size: 143.9978pt x 143.98239pt.


LaTeX Warning: `!h' float specifier changed to `!ht'.

[60]
Overfull \hbox (0.31139pt too wide) in paragraph at lines 248--249
[]\OT1/cmr/m/n/10.95 Looking at \OT1/cmtt/m/n/10.95 parametric, not random \OT1
/cmr/m/n/10.95 dec-li-na-tion of \OT1/cmtt/m/n/10.95 SARSA($\OML/cmm/m/it/10.95
 ^^U$\OT1/cmtt/m/n/10.95 ) \OT1/cmr/m/n/10.95 al-go-rithm
 []

[61 <./IMAGES/BealeDifference.png> <./IMAGES/BealeValueFunction.png> <./IMAGES/
BealeGap.png>]
Underfull \hbox (badness 10000) in paragraph at lines 252--253

 []


LaTeX Warning: Reference `fig:BealeTabProximity' on page 62 undefined on input 
line 298.

[62] <IMAGES/StyblinskiDifference.png, id=322, 462.528pt x 346.896pt>
File: IMAGES/StyblinskiDifference.png Graphic file (type png)

<use IMAGES/StyblinskiDifference.png>
Package pdftex.def Info: IMAGES/StyblinskiDifference.png used on input line 305
.
(pdftex.def)             Requested size: 143.9978pt x 107.99715pt.

<IMAGES/StyblinskiValueFunction.png, id=323, 462.528pt x 346.896pt>
File: IMAGES/StyblinskiValueFunction.png Graphic file (type png)

<use IMAGES/StyblinskiValueFunction.png>
Package pdftex.def Info: IMAGES/StyblinskiValueFunction.png used on input line 
309.
(pdftex.def)             Requested size: 143.9978pt x 107.99715pt.

<IMAGES/StyblinskiGap.png, id=324, 2409.0pt x 2409.0pt>
File: IMAGES/StyblinskiGap.png Graphic file (type png)

<use IMAGES/StyblinskiGap.png>
Package pdftex.def Info: IMAGES/StyblinskiGap.png used on input line 313.
(pdftex.def)             Requested size: 143.9978pt x 143.98239pt.
 [63 <./IMAGES/StyblinskiDifference.png> <./IMAGES/StyblinskiValueFunction.png>
 <./IMAGES/StyblinskiGap.png>]

LaTeX Warning: `!h' float specifier changed to `!ht'.

[64]

LaTeX Warning: `!h' float specifier changed to `!ht'.

<IMAGES/ExpertStyblinskiDifference.png, id=334, 462.528pt x 346.896pt>
File: IMAGES/ExpertStyblinskiDifference.png Graphic file (type png)

<use IMAGES/ExpertStyblinskiDifference.png>
Package pdftex.def Info: IMAGES/ExpertStyblinskiDifference.png used on input li
ne 421.
(pdftex.def)             Requested size: 143.9978pt x 107.99715pt.

<IMAGES/ExpertStyblinskiValueFunction.png, id=335, 462.528pt x 346.896pt>
File: IMAGES/ExpertStyblinskiValueFunction.png Graphic file (type png)

<use IMAGES/ExpertStyblinskiValueFunction.png>
Package pdftex.def Info: IMAGES/ExpertStyblinskiValueFunction.png used on input
 line 425.
(pdftex.def)             Requested size: 143.9978pt x 107.99715pt.

<IMAGES/ExpertGap.png, id=336, 2409.0pt x 2409.0pt>
File: IMAGES/ExpertGap.png Graphic file (type png)
 <use IMAGES/ExpertGap.png>
Package pdftex.def Info: IMAGES/ExpertGap.png used on input line 429.
(pdftex.def)             Requested size: 143.9978pt x 143.98239pt.


LaTeX Warning: `!h' float specifier changed to `!ht'.

[65] [66]
Overfull \hbox (31.1855pt too wide) in paragraph at lines 440--441
[]\OT1/cmr/m/n/10.95 The less reach pre-vi-ously ac-quired ex-pe-ri-ence is gua
r-an-teed by the \OT1/cmtt/m/n/10.95 parametric,
 []

[67] <IMAGES/ExpertReasumingTable.png, id=347, 1177.39874pt x 677.53125pt>
File: IMAGES/ExpertReasumingTable.png Graphic file (type png)

<use IMAGES/ExpertReasumingTable.png>
Package pdftex.def Info: IMAGES/ExpertReasumingTable.png used on input line 446
.
(pdftex.def)             Requested size: 360.0pt x 207.15846pt.

Underfull \hbox (badness 10000) in paragraph at lines 461--462

 []

<IMAGES/Surrogate.png, id=348, 522.95375pt x 291.0875pt>
File: IMAGES/Surrogate.png Graphic file (type png)

<use IMAGES/Surrogate.png>
Package pdftex.def Info: IMAGES/Surrogate.png used on input line 465.
(pdftex.def)             Requested size: 360.0pt x 200.38866pt.
 [68 <./IMAGES/ExpertStyblinskiDifference.png> <./IMAGES/ExpertStyblinskiValueF
unction.png> <./IMAGES/ExpertGap.png>]
Underfull \hbox (badness 10000) in paragraph at lines 470--471

 []


Underfull \vbox (badness 2065) has occurred while \output is active []

 [69 <./IMAGES/ExpertReasumingTable.png> <./IMAGES/Surrogate.png>] [70]
Underfull \hbox (badness 10000) in paragraph at lines 485--486

 []

[71]
Underfull \hbox (badness 10000) in paragraph at lines 492--493

 []

) (./CHAPTERS/Conclusions.tex [72]
Chapter 6.

Underfull \hbox (badness 10000) in paragraph at lines 3--4

 []


Underfull \hbox (badness 10000) in paragraph at lines 7--8

 []


Overfull \hbox (4.8135pt too wide) in paragraph at lines 9--10
[]\OT1/cmr/m/n/10.95 One pos-si-ble rea-son for those re-sults is that the \OT1
/cmtt/m/n/10.95 parametric, not random
 []


Underfull \hbox (badness 10000) in paragraph at lines 9--10

 []


Underfull \hbox (badness 10000) in paragraph at lines 11--12

 []


Underfull \hbox (badness 10000) in paragraph at lines 13--14

 []

[73

]
Underfull \hbox (badness 10000) in paragraph at lines 15--16

 []

) (./CHAPTERS/Appendix1.tex [74]
Chapter 7.

Underfull \hbox (badness 10000) in paragraph at lines 15--16

 []

[75

] <IMAGES/2xy.png, id=379, 808.01875pt x 682.55pt>
File: IMAGES/2xy.png Graphic file (type png)
 <use IMAGES/2xy.png>
Package pdftex.def Info: IMAGES/2xy.png used on input line 32.
(pdftex.def)             Requested size: 143.9978pt x 121.63516pt.

<IMAGES/xsin(y).png, id=380, 828.09375pt x 618.31pt>
File: IMAGES/xsin(y).png Graphic file (type png)
 <use IMAGES/xsin(y).png>
Package pdftex.def Info: IMAGES/xsin(y).png used on input line 36.
(pdftex.def)             Requested size: 143.9978pt x 107.51714pt.

[76 <./IMAGES/2xy.png> <./IMAGES/xsin(y).png>] [77] [78] [79]
<IMAGES/Lipschitz.png, id=396, 454.69875pt x 603.25375pt>
File: IMAGES/Lipschitz.png Graphic file (type png)

<use IMAGES/Lipschitz.png>
Package pdftex.def Info: IMAGES/Lipschitz.png used on input line 114.
(pdftex.def)             Requested size: 284.53291pt x 284.52342pt.
)
<EXTRA/Grafici.pdf, id=397, 597.51233pt x 845.0471pt>
File: EXTRA/Grafici.pdf Graphic file (type pdf)
 <use EXTRA/Grafici.pdf>
Package pdftex.def Info: EXTRA/Grafici.pdf used on input line 41.
(pdftex.def)             Requested size: 597.51086pt x 845.04504pt.
File: EXTRA/Grafici.pdf Graphic file (type pdf)

<use EXTRA/Grafici.pdf>
Package pdftex.def Info: EXTRA/Grafici.pdf used on input line 41.
(pdftex.def)             Requested size: 597.51086pt x 845.04504pt.

<EXTRA/Grafici.pdf, id=400, page=1, 597.51233pt x 845.0471pt>
File: EXTRA/Grafici.pdf Graphic file (type pdf)

<use EXTRA/Grafici.pdf, page 1>
Package pdftex.def Info: EXTRA/Grafici.pdf, page1 used on input line 41.
(pdftex.def)             Requested size: 597.51086pt x 845.04504pt.
File: EXTRA/Grafici.pdf Graphic file (type pdf)
 <use EXTRA/Grafici.pdf, page 1>
Package pdftex.def Info: EXTRA/Grafici.pdf, page1 used on input line 41.
(pdftex.def)             Requested size: 562.12665pt x 795.00201pt.
 [80 <./IMAGES/Lipschitz.png>]
File: EXTRA/Grafici.pdf Graphic file (type pdf)
 <use EXTRA/Grafici.pdf, page 1>
Package pdftex.def Info: EXTRA/Grafici.pdf, page1 used on input line 41.
(pdftex.def)             Requested size: 562.12665pt x 795.00201pt.
File: EXTRA/Grafici.pdf Graphic file (type pdf)
 <use EXTRA/Grafici.pdf, page 1>
Package pdftex.def Info: EXTRA/Grafici.pdf, page1 used on input line 41.
(pdftex.def)             Requested size: 562.12665pt x 795.00201pt.
File: EXTRA/Grafici.pdf Graphic file (type pdf)

<use EXTRA/Grafici.pdf, page 1>
Package pdftex.def Info: EXTRA/Grafici.pdf, page1 used on input line 41.
(pdftex.def)             Requested size: 562.12665pt x 795.00201pt.
 [81 <./EXTRA/Grafici.pdf>]
<EXTRA/Grafici.pdf, id=453, page=2, 597.51233pt x 845.0471pt>
File: EXTRA/Grafici.pdf Graphic file (type pdf)

<use EXTRA/Grafici.pdf, page 2>
Package pdftex.def Info: EXTRA/Grafici.pdf, page2 used on input line 41.
(pdftex.def)             Requested size: 562.12665pt x 795.00201pt.
File: EXTRA/Grafici.pdf Graphic file (type pdf)
 <use EXTRA/Grafici.pdf, page 2>
Package pdftex.def Info: EXTRA/Grafici.pdf, page2 used on input line 41.
(pdftex.def)             Requested size: 562.12665pt x 795.00201pt.
File: EXTRA/Grafici.pdf Graphic file (type pdf)

<use EXTRA/Grafici.pdf, page 2>
Package pdftex.def Info: EXTRA/Grafici.pdf, page2 used on input line 41.
(pdftex.def)             Requested size: 562.12665pt x 795.00201pt.
 [82 <./EXTRA/Grafici.pdf>]
<EXTRA/Grafici.pdf, id=481, page=3, 597.51233pt x 845.0471pt>
File: EXTRA/Grafici.pdf Graphic file (type pdf)

<use EXTRA/Grafici.pdf, page 3>
Package pdftex.def Info: EXTRA/Grafici.pdf, page3 used on input line 41.
(pdftex.def)             Requested size: 562.12665pt x 795.00201pt.
File: EXTRA/Grafici.pdf Graphic file (type pdf)
 <use EXTRA/Grafici.pdf, page 3>
Package pdftex.def Info: EXTRA/Grafici.pdf, page3 used on input line 41.
(pdftex.def)             Requested size: 562.12665pt x 795.00201pt.
File: EXTRA/Grafici.pdf Graphic file (type pdf)

<use EXTRA/Grafici.pdf, page 3>
Package pdftex.def Info: EXTRA/Grafici.pdf, page3 used on input line 41.
(pdftex.def)             Requested size: 562.12665pt x 795.00201pt.
 [83 <./EXTRA/Grafici.pdf>]
<EXTRA/Grafici.pdf, id=509, page=4, 597.51233pt x 845.0471pt>
File: EXTRA/Grafici.pdf Graphic file (type pdf)

<use EXTRA/Grafici.pdf, page 4>
Package pdftex.def Info: EXTRA/Grafici.pdf, page4 used on input line 41.
(pdftex.def)             Requested size: 562.12665pt x 795.00201pt.
File: EXTRA/Grafici.pdf Graphic file (type pdf)
 <use EXTRA/Grafici.pdf, page 4>
Package pdftex.def Info: EXTRA/Grafici.pdf, page4 used on input line 41.
(pdftex.def)             Requested size: 562.12665pt x 795.00201pt.
File: EXTRA/Grafici.pdf Graphic file (type pdf)

<use EXTRA/Grafici.pdf, page 4>
Package pdftex.def Info: EXTRA/Grafici.pdf, page4 used on input line 41.
(pdftex.def)             Requested size: 562.12665pt x 795.00201pt.
 [84 <./EXTRA/Grafici.pdf>]
<EXTRA/Grafici.pdf, id=537, page=5, 597.51233pt x 845.0471pt>
File: EXTRA/Grafici.pdf Graphic file (type pdf)

<use EXTRA/Grafici.pdf, page 5>
Package pdftex.def Info: EXTRA/Grafici.pdf, page5 used on input line 41.
(pdftex.def)             Requested size: 562.12665pt x 795.00201pt.
File: EXTRA/Grafici.pdf Graphic file (type pdf)
 <use EXTRA/Grafici.pdf, page 5>
Package pdftex.def Info: EXTRA/Grafici.pdf, page5 used on input line 41.
(pdftex.def)             Requested size: 562.12665pt x 795.00201pt.
File: EXTRA/Grafici.pdf Graphic file (type pdf)

<use EXTRA/Grafici.pdf, page 5>
Package pdftex.def Info: EXTRA/Grafici.pdf, page5 used on input line 41.
(pdftex.def)             Requested size: 562.12665pt x 795.00201pt.
 [85 <./EXTRA/Grafici.pdf>]
<EXTRA/Grafici.pdf, id=566, page=6, 597.51233pt x 845.0471pt>
File: EXTRA/Grafici.pdf Graphic file (type pdf)

<use EXTRA/Grafici.pdf, page 6>
Package pdftex.def Info: EXTRA/Grafici.pdf, page6 used on input line 41.
(pdftex.def)             Requested size: 562.12665pt x 795.00201pt.
File: EXTRA/Grafici.pdf Graphic file (type pdf)
 <use EXTRA/Grafici.pdf, page 6>
Package pdftex.def Info: EXTRA/Grafici.pdf, page6 used on input line 41.
(pdftex.def)             Requested size: 562.12665pt x 795.00201pt.
File: EXTRA/Grafici.pdf Graphic file (type pdf)

<use EXTRA/Grafici.pdf, page 6>
Package pdftex.def Info: EXTRA/Grafici.pdf, page6 used on input line 41.
(pdftex.def)             Requested size: 562.12665pt x 795.00201pt.
 [86 <./EXTRA/Grafici.pdf>]
<EXTRA/Grafici.pdf, id=594, page=7, 597.51233pt x 845.0471pt>
File: EXTRA/Grafici.pdf Graphic file (type pdf)

<use EXTRA/Grafici.pdf, page 7>
Package pdftex.def Info: EXTRA/Grafici.pdf, page7 used on input line 41.
(pdftex.def)             Requested size: 562.12665pt x 795.00201pt.
File: EXTRA/Grafici.pdf Graphic file (type pdf)
 <use EXTRA/Grafici.pdf, page 7>
Package pdftex.def Info: EXTRA/Grafici.pdf, page7 used on input line 41.
(pdftex.def)             Requested size: 562.12665pt x 795.00201pt.
File: EXTRA/Grafici.pdf Graphic file (type pdf)

<use EXTRA/Grafici.pdf, page 7>
Package pdftex.def Info: EXTRA/Grafici.pdf, page7 used on input line 41.
(pdftex.def)             Requested size: 562.12665pt x 795.00201pt.
 [87 <./EXTRA/Grafici.pdf>]
<EXTRA/Grafici.pdf, id=622, page=8, 597.51233pt x 845.0471pt>
File: EXTRA/Grafici.pdf Graphic file (type pdf)

<use EXTRA/Grafici.pdf, page 8>
Package pdftex.def Info: EXTRA/Grafici.pdf, page8 used on input line 41.
(pdftex.def)             Requested size: 562.12665pt x 795.00201pt.
File: EXTRA/Grafici.pdf Graphic file (type pdf)
 <use EXTRA/Grafici.pdf, page 8>
Package pdftex.def Info: EXTRA/Grafici.pdf, page8 used on input line 41.
(pdftex.def)             Requested size: 562.12665pt x 795.00201pt.
File: EXTRA/Grafici.pdf Graphic file (type pdf)

<use EXTRA/Grafici.pdf, page 8>
Package pdftex.def Info: EXTRA/Grafici.pdf, page8 used on input line 41.
(pdftex.def)             Requested size: 562.12665pt x 795.00201pt.
 [88 <./EXTRA/Grafici.pdf>]
<EXTRA/Grafici.pdf, id=651, page=9, 597.51233pt x 845.0471pt>
File: EXTRA/Grafici.pdf Graphic file (type pdf)

<use EXTRA/Grafici.pdf, page 9>
Package pdftex.def Info: EXTRA/Grafici.pdf, page9 used on input line 41.
(pdftex.def)             Requested size: 562.12665pt x 795.00201pt.
File: EXTRA/Grafici.pdf Graphic file (type pdf)
 <use EXTRA/Grafici.pdf, page 9>
Package pdftex.def Info: EXTRA/Grafici.pdf, page9 used on input line 41.
(pdftex.def)             Requested size: 562.12665pt x 795.00201pt.
File: EXTRA/Grafici.pdf Graphic file (type pdf)

<use EXTRA/Grafici.pdf, page 9>
Package pdftex.def Info: EXTRA/Grafici.pdf, page9 used on input line 41.
(pdftex.def)             Requested size: 562.12665pt x 795.00201pt.
 [89 <./EXTRA/Grafici.pdf>]
(./CHAPTERS/Acknowledgements.tex [90

]
Underfull \hbox (badness 10000) in paragraph at lines 4--5

 []


Underfull \hbox (badness 10000) in paragraph at lines 6--7

 []


Underfull \hbox (badness 10000) in paragraph at lines 8--9

 []


Underfull \hbox (badness 10000) in paragraph at lines 10--11

 []


Underfull \hbox (badness 10000) in paragraph at lines 12--13

 []

) (./dissertation.bbl [91] [92

]
Underfull \hbox (badness 10000) in paragraph at lines 10--12
[]$\OT1/cmtt/m/n/10.95 https : / / towardsdatascience . com /
 []


Overfull \hbox (42.42998pt too wide) in paragraph at lines 10--12
\OT1/cmtt/m/n/10.95 shallow-[]understanding-[]on-[]bayesian-[]optimization-[]32
4b6c1f7083$\OT1/cmr/m/n/10.95 .
 []


Underfull \hbox (badness 4156) in paragraph at lines 30--33
\OT1/cmr/m/n/10.95 Moore.  Re-in-force-ment learn-ing: A sur-vey.  \OT1/cmr/m/i
t/10.95 CoRR\OT1/cmr/m/n/10.95 ,
 []


Underfull \hbox (badness 10000) in paragraph at lines 46--48
[]$\OT1/cmtt/m/n/10.95 https : / / www . eee . hku . hk / []msang / Numerical _
 Lipschitz .
 []

[93]
Underfull \hbox (badness 10000) in paragraph at lines 60--62
[]$\OT1/cmtt/m/n/10.95 https : / / en . wikipedia . org / wiki / Multivariate _
 normal _
 []


Underfull \hbox (badness 10000) in paragraph at lines 60--62
\OT1/cmtt/m/n/10.95 distribution / media / File : Multivariate _ Gaussian . png
$\OT1/cmr/m/n/10.95 .
 []

[94]) [95] (./dissertation.aux)

LaTeX Warning: There were undefined references.


LaTeX Warning: There were multiply-defined labels.

 )
(\end occurred inside a group at level 1)

### simple group (level 1) entered at line 1061 ({)
### bottom level 
Here is how much of TeX's memory you used:
 7250 strings out of 492995
 105386 string characters out of 6132705
 189778 words of memory out of 5000000
 10553 multiletter control sequences out of 15000+600000
 20142 words of font info for 80 fonts, out of 8000000 for 9000
 1141 hyphenation exceptions out of 8191
 41i,20n,51p,2366b,3974s stack positions out of 5000i,500n,10000p,200000b,80000s
</usr/local/texlive/2017/texmf-dist/fonts/type1/public/amsfonts
/cm/cmbx10.pfb></usr/local/texlive/2017/texmf-dist/fonts/type1/public/amsfonts/
cm/cmbx12.pfb></usr/local/texlive/2017/texmf-dist/fonts/type1/public/amsfonts/c
m/cmbx8.pfb></usr/local/texlive/2017/texmf-dist/fonts/type1/public/amsfonts/cm/
cmex10.pfb></usr/local/texlive/2017/texmf-dist/fonts/type1/public/amsfonts/cmex
tra/cmex9.pfb></usr/local/texlive/2017/texmf-dist/fonts/type1/public/amsfonts/c
m/cmmi10.pfb></usr/local/texlive/2017/texmf-dist/fonts/type1/public/amsfonts/cm
/cmmi12.pfb></usr/local/texlive/2017/texmf-dist/fonts/type1/public/amsfonts/cm/
cmmi6.pfb></usr/local/texlive/2017/texmf-dist/fonts/type1/public/amsfonts/cm/cm
mi8.pfb></usr/local/texlive/2017/texmf-dist/fonts/type1/public/amsfonts/cm/cmmi
9.pfb></usr/local/texlive/2017/texmf-dist/fonts/type1/public/amsfonts/cm/cmr10.
pfb></usr/local/texlive/2017/texmf-dist/fonts/type1/public/amsfonts/cm/cmr6.pfb
></usr/local/texlive/2017/texmf-dist/fonts/type1/public/amsfonts/cm/cmr8.pfb></
usr/local/texlive/2017/texmf-dist/fonts/type1/public/amsfonts/cm/cmr9.pfb></usr
/local/texlive/2017/texmf-dist/fonts/type1/public/amsfonts/cm/cmsl10.pfb></usr/
local/texlive/2017/texmf-dist/fonts/type1/public/amsfonts/cm/cmsy10.pfb></usr/l
ocal/texlive/2017/texmf-dist/fonts/type1/public/amsfonts/cm/cmsy6.pfb></usr/loc
al/texlive/2017/texmf-dist/fonts/type1/public/amsfonts/cm/cmsy8.pfb></usr/local
/texlive/2017/texmf-dist/fonts/type1/public/amsfonts/cm/cmsy9.pfb></usr/local/t
exlive/2017/texmf-dist/fonts/type1/public/amsfonts/cm/cmti10.pfb></usr/local/te
xlive/2017/texmf-dist/fonts/type1/public/amsfonts/cm/cmti8.pfb></usr/local/texl
ive/2017/texmf-dist/fonts/type1/public/amsfonts/cm/cmti9.pfb></usr/local/texliv
e/2017/texmf-dist/fonts/type1/public/amsfonts/cm/cmtt10.pfb></usr/local/texlive
/2017/texmf-dist/fonts/type1/public/amsfonts/symbols/msbm10.pfb>
Output written on dissertation.pdf (95 pages, 81997463 bytes).
PDF statistics:
 777 PDF objects out of 1000 (max. 8388607)
 428 compressed objects within 5 object streams
 0 named destinations out of 1000 (max. 500000)
 311 words of extra memory for PDF output out of 10000 (max. 10000000)

