This is pdfTeX, Version 3.14159265-2.6-1.40.18 (TeX Live 2017) (preloaded format=pdflatex 2018.1.5)  6 MAY 2018 12:34
entering extended mode
 restricted \write18 enabled.
 %&-line parsing enabled.
**dedica.tex
(./dedica.tex
LaTeX2e <2017-04-15>
Babel <3.10> and hyphenation patterns for 84 language(s) loaded.

! LaTeX Error: Missing \begin{document}.

See the LaTeX manual or LaTeX Companion for explanation.
Type  H <return>  for immediate help.
 ...                                              
                                                  
l.1 \begin{flushright}
                      
You're in trouble here.  Try typing  <return>  to proceed.
If that doesn't work, type  X <return>  to quit.


Overfull \hbox (20.0pt too wide) in paragraph at lines 1--1
[] 
 []


Underfull \vbox (badness 10000) has occurred while \output is active []



! LaTeX Error: The font size command \normalsize is not defined:
               there is probably something wrong with the class file.

See the LaTeX manual or LaTeX Companion for explanation.
Type  H <return>  for immediate help.
 ...                                              
                                                  
l.2   \break
            
Your command was ignored.
Type  I <command> <return>  to replace it with another command,
or  <return>  to continue without it.

[1]
Overfull \hbox (9.47772pt too wide) in paragraph at lines 6--12
 \OT1/cmr/m/it/10 In
 []


Overfull \hbox (24.53317pt too wide) in paragraph at lines 6--12
 \OT1/cmr/m/it/10 mem-
 []


Overfull \hbox (14.18323pt too wide) in paragraph at lines 6--12
 \OT1/cmr/m/it/10 ory
 []


Overfull \hbox (8.17773pt too wide) in paragraph at lines 6--12
 \OT1/cmr/m/it/10 of
 []


Overfull \hbox (24.672pt too wide) in paragraph at lines 6--12
 \OT1/cmr/m/it/10 Rocco
 []


Overfull \hbox (15.84436pt too wide) in paragraph at lines 6--12
 \OT1/cmr/m/it/10 and
 []


Overfull \hbox (23.9054pt too wide) in paragraph at lines 6--12
 \OT1/cmr/m/it/10 Rosy.
 []


Overfull \hbox (11.49992pt too wide) in paragraph at lines 6--12
 \OT1/cmr/m/it/10 To
 []


Overfull \hbox (13.03325pt too wide) in paragraph at lines 6--12
 \OT1/cmr/m/it/10 my
 []


Overfull \hbox (17.50542pt too wide) in paragraph at lines 6--12
 \OT1/cmr/m/it/10 par-
 []


Overfull \hbox (17.63321pt too wide) in paragraph at lines 6--12
 \OT1/cmr/m/it/10 ents
 []


Overfull \hbox (15.84436pt too wide) in paragraph at lines 6--12
 \OT1/cmr/m/it/10 and
 []


Overfull \hbox (8.43327pt too wide) in paragraph at lines 6--12
 \OT1/cmr/m/it/10 to
 []


Overfull \hbox (13.03325pt too wide) in paragraph at lines 6--12
 \OT1/cmr/m/it/10 my
 []


Overfull \hbox (14.82213pt too wide) in paragraph at lines 6--12
 \OT1/cmr/m/it/10 sis-
 []


Overfull \hbox (15.20543pt too wide) in paragraph at lines 6--12
 \OT1/cmr/m/it/10 ter.
 []

)
! Emergency stop.
<*> dedica.tex
              
*** (job aborted, no legal \end found)

 
Here is how much of TeX's memory you used:
 9 strings out of 492995
 158 string characters out of 6132705
 54074 words of memory out of 5000000
 3660 multiletter control sequences out of 15000+600000
 3986 words of font info for 15 fonts, out of 8000000 for 9000
 1141 hyphenation exceptions out of 8191
 19i,4n,14p,71b,160s stack positions out of 5000i,500n,10000p,200000b,80000s
!  ==> Fatal error occurred, no output PDF file produced!
